<?xml version="1.0" encoding="UTF-8"?>
<testng-results skipped="0" failed="0" ignored="0" total="2" passed="2">
  <reporter-output>
  </reporter-output>
  <suite name="Surefire suite" duration-ms="22612" started-at="2019-02-27T12:12:05Z" finished-at="2019-02-27T12:12:27Z">
    <groups>
    </groups>
    <test name="Surefire test" duration-ms="22612" started-at="2019-02-27T12:12:05Z" finished-at="2019-02-27T12:12:27Z">
      <class name="com.seleniumbasics.EmailTest">
        <test-method status="PASS" signature="setUp()[pri:0, instance:com.seleniumbasics.EmailTest@1efbd816]" name="setUp" is-config="true" duration-ms="8282" started-at="2019-02-27T17:42:05Z" finished-at="2019-02-27T17:42:13Z">
          <reporter-output>
          </reporter-output>
        </test-method> <!-- setUp -->
        <test-method status="PASS" signature="test()[pri:0, instance:com.seleniumbasics.EmailTest@1efbd816]" name="test" duration-ms="4622" started-at="2019-02-27T17:42:13Z" finished-at="2019-02-27T17:42:17Z">
          <reporter-output>
          </reporter-output>
        </test-method> <!-- test -->
        <test-method status="PASS" signature="tearDown()[pri:0, instance:com.seleniumbasics.EmailTest@1efbd816]" name="tearDown" is-config="true" duration-ms="2000" started-at="2019-02-27T17:42:17Z" finished-at="2019-02-27T17:42:19Z">
          <reporter-output>
          </reporter-output>
        </test-method> <!-- tearDown -->
      </class> <!-- com.seleniumbasics.EmailTest -->
      <class name="com.placeorder.qa.testcases.ReportEmailTest">
        <test-method status="PASS" signature="setUp()[pri:0, instance:com.placeorder.qa.testcases.ReportEmailTest@6a2bcfcb]" name="setUp" is-config="true" duration-ms="5296" started-at="2019-02-27T17:42:19Z" finished-at="2019-02-27T17:42:25Z">
          <reporter-output>
          </reporter-output>
        </test-method> <!-- setUp -->
        <test-method status="PASS" signature="test()[pri:0, instance:com.placeorder.qa.testcases.ReportEmailTest@6a2bcfcb]" name="test" duration-ms="237" started-at="2019-02-27T17:42:25Z" finished-at="2019-02-27T17:42:25Z">
          <reporter-output>
          </reporter-output>
        </test-method> <!-- test -->
        <test-method status="PASS" signature="tearDown()[pri:0, instance:com.placeorder.qa.testcases.ReportEmailTest@6a2bcfcb]" name="tearDown" is-config="true" duration-ms="2154" started-at="2019-02-27T17:42:25Z" finished-at="2019-02-27T17:42:27Z">
          <reporter-output>
          </reporter-output>
        </test-method> <!-- tearDown -->
      </class> <!-- com.placeorder.qa.testcases.ReportEmailTest -->
    </test> <!-- Surefire test -->
  </suite> <!-- Surefire suite -->
</testng-results>
