<?xml version="1.0" encoding="UTF-8"?>
<testng-results skipped="0" failed="0" ignored="0" total="1" passed="1">
  <reporter-output>
  </reporter-output>
  <suite name="Default suite" duration-ms="15165" started-at="2019-02-27T11:33:42Z" finished-at="2019-02-27T11:33:57Z">
    <groups>
    </groups>
    <test name="Default test" duration-ms="15165" started-at="2019-02-27T11:33:42Z" finished-at="2019-02-27T11:33:57Z">
      <class name="seleniumbasics.EmailTest">
        <test-method status="PASS" signature="setUp()[pri:0, instance:seleniumbasics.EmailTest@27c20538]" name="setUp" is-config="true" duration-ms="8372" started-at="2019-02-27T17:03:42Z" finished-at="2019-02-27T17:03:51Z">
          <reporter-output>
          </reporter-output>
        </test-method> <!-- setUp -->
        <test-method status="PASS" signature="test()[pri:0, instance:seleniumbasics.EmailTest@27c20538]" name="test" duration-ms="4774" started-at="2019-02-27T17:03:51Z" finished-at="2019-02-27T17:03:55Z">
          <reporter-output>
          </reporter-output>
        </test-method> <!-- test -->
        <test-method status="PASS" signature="tearDown()[pri:0, instance:seleniumbasics.EmailTest@27c20538]" name="tearDown" is-config="true" duration-ms="2000" started-at="2019-02-27T17:03:55Z" finished-at="2019-02-27T17:03:57Z">
          <reporter-output>
          </reporter-output>
        </test-method> <!-- tearDown -->
      </class> <!-- seleniumbasics.EmailTest -->
    </test> <!-- Default test -->
  </suite> <!-- Default suite -->
</testng-results>
