<?xml version="1.0" encoding="UTF-8"?>
<testng-results skipped="0" failed="0" ignored="0" total="1" passed="1">
  <reporter-output>
  </reporter-output>
  <suite name="Placeorder Test for automation test suite" duration-ms="5248" started-at="2019-03-04T09:27:02Z" finished-at="2019-03-04T09:27:07Z">
    <groups>
    </groups>
    <test name=" PlaceOrder Test Cases" duration-ms="5248" started-at="2019-03-04T09:27:02Z" finished-at="2019-03-04T09:27:07Z">
      <class name="com.schedule.testcases.ScheduleTest">
        <test-method status="PASS" signature="setUp()[pri:0, instance:com.schedule.testcases.ScheduleTest@6a4f787b]" name="setUp" is-config="true" duration-ms="3096" started-at="2019-03-04T14:57:02Z" finished-at="2019-03-04T14:57:05Z">
          <reporter-output>
          </reporter-output>
        </test-method> <!-- setUp -->
        <test-method status="PASS" signature="test()[pri:0, instance:com.schedule.testcases.ScheduleTest@6a4f787b]" name="test" duration-ms="122" started-at="2019-03-04T14:57:05Z" finished-at="2019-03-04T14:57:05Z">
          <reporter-output>
          </reporter-output>
        </test-method> <!-- test -->
        <test-method status="PASS" signature="tearDown()[pri:0, instance:com.schedule.testcases.ScheduleTest@6a4f787b]" name="tearDown" is-config="true" duration-ms="2001" started-at="2019-03-04T14:57:05Z" finished-at="2019-03-04T14:57:07Z">
          <reporter-output>
          </reporter-output>
        </test-method> <!-- tearDown -->
      </class> <!-- com.schedule.testcases.ScheduleTest -->
    </test> <!--  PlaceOrder Test Cases -->
  </suite> <!-- Placeorder Test for automation test suite -->
</testng-results>
